{"D:/Sparta/sparta/front-end/src/App.jsx": {"path":"D:/Sparta/sparta/front-end/src/App.jsx","statementMap":{"0":{"start":{"line":9,"column":2},"end":{"line":17,"column":null}}},"fnMap":{"0":{"name":"App","decl":{"start":{"line":8,"column":9},"end":{"line":8,"column":15}},"loc":{"start":{"line":8,"column":15},"end":{"line":19,"column":null}}}},"branchMap":{},"s":{"0":1},"f":{"0":1},"b":{}}
,"D:/Sparta/sparta/front-end/src/main.jsx": {"path":"D:/Sparta/sparta/front-end/src/main.jsx","statementMap":{"0":{"start":{"line":7,"column":0},"end":{"line":13,"column":null}}},"fnMap":{},"branchMap":{},"s":{"0":0},"f":{},"b":{}}
,"D:/Sparta/sparta/front-end/src/user/Layout/Layout.jsx": {"path":"D:/Sparta/sparta/front-end/src/user/Layout/Layout.jsx","statementMap":{"0":{"start":{"line":5,"column":15},"end":{"line":27,"column":null}},"1":{"start":{"line":6,"column":2},"end":{"line":25,"column":null}}},"fnMap":{"0":{"name":"(anonymous_0)","decl":{"start":{"line":5,"column":15},"end":{"line":5,"column":21}},"loc":{"start":{"line":5,"column":21},"end":{"line":27,"column":null}}}},"branchMap":{},"s":{"0":1,"1":1},"f":{"0":1},"b":{}}
,"D:/Sparta/sparta/front-end/src/user/Layout/layoutcomponent/Sidebar.tsx": {"path":"D:/Sparta/sparta/front-end/src/user/Layout/layoutcomponent/Sidebar.tsx","statementMap":{"0":{"start":{"line":14,"column":54},"end":{"line":23,"column":null}},"1":{"start":{"line":25,"column":16},"end":{"line":69,"column":null}},"2":{"start":{"line":26,"column":44},"end":{"line":26,"column":null}},"3":{"start":{"line":28,"column":2},"end":{"line":67,"column":null}},"4":{"start":{"line":47,"column":31},"end":{"line":47,"column":null}},"5":{"start":{"line":48,"column":12},"end":{"line":62,"column":null}},"6":{"start":{"line":55,"column":33},"end":{"line":55,"column":null}}},"fnMap":{"0":{"name":"(anonymous_0)","decl":{"start":{"line":25,"column":16},"end":{"line":25,"column":22}},"loc":{"start":{"line":25,"column":22},"end":{"line":69,"column":null}}},"1":{"name":"(anonymous_1)","decl":{"start":{"line":46,"column":30},"end":{"line":46,"column":31}},"loc":{"start":{"line":46,"column":55},"end":{"line":64,"column":11}}},"2":{"name":"(anonymous_2)","decl":{"start":{"line":55,"column":27},"end":{"line":55,"column":33}},"loc":{"start":{"line":55,"column":33},"end":{"line":55,"column":null}}}},"branchMap":{"0":{"loc":{"start":{"line":50,"column":16},"end":{"line":52,"column":null}},"type":"cond-expr","locations":[{"start":{"line":51,"column":20},"end":{"line":51,"column":null}},{"start":{"line":52,"column":20},"end":{"line":52,"column":null}}]},"1":{"loc":{"start":{"line":58,"column":43},"end":{"line":58,"column":75}},"type":"cond-expr","locations":[{"start":{"line":58,"column":56},"end":{"line":58,"column":66}},{"start":{"line":58,"column":66},"end":{"line":58,"column":75}}]}},"s":{"0":1,"1":1,"2":1,"3":1,"4":8,"5":8,"6":0},"f":{"0":1,"1":8,"2":0},"b":{"0":[0,8],"1":[0,8]}}
,"D:/Sparta/sparta/front-end/src/user/Layout/layoutcomponent/Topbar.jsx": {"path":"D:/Sparta/sparta/front-end/src/user/Layout/layoutcomponent/Topbar.jsx","statementMap":{"0":{"start":{"line":5,"column":15},"end":{"line":68,"column":null}},"1":{"start":{"line":6,"column":34},"end":{"line":6,"column":null}},"2":{"start":{"line":7,"column":15},"end":{"line":7,"column":null}},"3":{"start":{"line":10,"column":28},"end":{"line":10,"column":null}},"4":{"start":{"line":12,"column":26},"end":{"line":14,"column":null}},"5":{"start":{"line":13,"column":4},"end":{"line":13,"column":null}},"6":{"start":{"line":16,"column":26},"end":{"line":18,"column":null}},"7":{"start":{"line":17,"column":4},"end":{"line":17,"column":null}},"8":{"start":{"line":20,"column":23},"end":{"line":22,"column":null}},"9":{"start":{"line":21,"column":4},"end":{"line":21,"column":null}},"10":{"start":{"line":24,"column":19},"end":{"line":24,"column":null}},"11":{"start":{"line":25,"column":22},"end":{"line":25,"column":null}},"12":{"start":{"line":27,"column":2},"end":{"line":66,"column":null}}},"fnMap":{"0":{"name":"(anonymous_0)","decl":{"start":{"line":5,"column":15},"end":{"line":5,"column":21}},"loc":{"start":{"line":5,"column":21},"end":{"line":68,"column":null}}},"1":{"name":"(anonymous_1)","decl":{"start":{"line":12,"column":26},"end":{"line":12,"column":27}},"loc":{"start":{"line":12,"column":37},"end":{"line":14,"column":null}}},"2":{"name":"(anonymous_2)","decl":{"start":{"line":16,"column":26},"end":{"line":16,"column":32}},"loc":{"start":{"line":16,"column":32},"end":{"line":18,"column":null}}},"3":{"name":"(anonymous_3)","decl":{"start":{"line":20,"column":23},"end":{"line":20,"column":24}},"loc":{"start":{"line":20,"column":44},"end":{"line":22,"column":null}}}},"branchMap":{},"s":{"0":1,"1":1,"2":1,"3":1,"4":1,"5":0,"6":1,"7":0,"8":1,"9":0,"10":1,"11":1,"12":1},"f":{"0":1,"1":0,"2":0,"3":0},"b":{}}
,"D:/Sparta/sparta/front-end/src/user/components/LandingPage.jsx": {"path":"D:/Sparta/sparta/front-end/src/user/components/LandingPage.jsx","statementMap":{"0":{"start":{"line":17,"column":20},"end":{"line":129,"column":null}},"1":{"start":{"line":18,"column":19},"end":{"line":18,"column":null}},"2":{"start":{"line":19,"column":2},"end":{"line":127,"column":null}},"3":{"start":{"line":48,"column":33},"end":{"line":48,"column":55}},"4":{"start":{"line":49,"column":33},"end":{"line":49,"column":55}}},"fnMap":{"0":{"name":"(anonymous_0)","decl":{"start":{"line":17,"column":20},"end":{"line":17,"column":26}},"loc":{"start":{"line":17,"column":26},"end":{"line":129,"column":null}}},"1":{"name":"(anonymous_1)","decl":{"start":{"line":48,"column":29},"end":{"line":48,"column":33}},"loc":{"start":{"line":48,"column":33},"end":{"line":48,"column":55}}},"2":{"name":"(anonymous_2)","decl":{"start":{"line":49,"column":29},"end":{"line":49,"column":33}},"loc":{"start":{"line":49,"column":33},"end":{"line":49,"column":55}}}},"branchMap":{},"s":{"0":1,"1":0,"2":0,"3":0,"4":0},"f":{"0":0,"1":0,"2":0},"b":{}}
,"D:/Sparta/sparta/front-end/src/user/components/ResetPassword.jsx": {"path":"D:/Sparta/sparta/front-end/src/user/components/ResetPassword.jsx","statementMap":{"0":{"start":{"line":6,"column":22},"end":{"line":161,"column":null}},"1":{"start":{"line":7,"column":32},"end":{"line":7,"column":null}},"2":{"start":{"line":9,"column":32},"end":{"line":11,"column":null}},"3":{"start":{"line":13,"column":30},"end":{"line":15,"column":null}},"4":{"start":{"line":17,"column":17},"end":{"line":33,"column":null}},"5":{"start":{"line":21,"column":6},"end":{"line":31,"column":null}},"6":{"start":{"line":22,"column":8},"end":{"line":22,"column":null}},"7":{"start":{"line":25,"column":8},"end":{"line":25,"column":null}},"8":{"start":{"line":27,"column":8},"end":{"line":27,"column":null}},"9":{"start":{"line":35,"column":26},"end":{"line":37,"column":null}},"10":{"start":{"line":36,"column":4},"end":{"line":36,"column":null}},"11":{"start":{"line":39,"column":28},"end":{"line":41,"column":null}},"12":{"start":{"line":43,"column":2},"end":{"line":159,"column":null}},"13":{"start":{"line":138,"column":24},"end":{"line":138,"column":44}},"14":{"start":{"line":153,"column":28},"end":{"line":153,"column":45}}},"fnMap":{"0":{"name":"(anonymous_0)","decl":{"start":{"line":6,"column":22},"end":{"line":6,"column":23}},"loc":{"start":{"line":6,"column":52},"end":{"line":161,"column":null}}},"1":{"name":"(anonymous_1)","decl":{"start":{"line":20,"column":14},"end":{"line":20,"column":15}},"loc":{"start":{"line":20,"column":26},"end":{"line":32,"column":null}}},"2":{"name":"(anonymous_2)","decl":{"start":{"line":35,"column":26},"end":{"line":35,"column":30}},"loc":{"start":{"line":35,"column":30},"end":{"line":37,"column":null}}},"3":{"name":"(anonymous_3)","decl":{"start":{"line":39,"column":28},"end":{"line":39,"column":32}},"loc":{"start":{"line":39,"column":32},"end":{"line":41,"column":null}}},"4":{"name":"(anonymous_4)","decl":{"start":{"line":138,"column":19},"end":{"line":138,"column":23}},"loc":{"start":{"line":138,"column":23},"end":{"line":138,"column":null}}},"5":{"name":"(anonymous_5)","decl":{"start":{"line":153,"column":21},"end":{"line":153,"column":27}},"loc":{"start":{"line":153,"column":27},"end":{"line":153,"column":null}}}},"branchMap":{"0":{"loc":{"start":{"line":19,"column":22},"end":{"line":19,"column":null}},"type":"cond-expr","locations":[{"start":{"line":19,"column":32},"end":{"line":19,"column":54}},{"start":{"line":19,"column":54},"end":{"line":19,"column":null}}]},"1":{"loc":{"start":{"line":21,"column":6},"end":{"line":31,"column":null}},"type":"if","locations":[{"start":{"line":21,"column":6},"end":{"line":31,"column":null}},{"start":{"line":26,"column":13},"end":{"line":31,"column":null}}]},"2":{"loc":{"start":{"line":75,"column":17},"end":{"line":75,"column":null}},"type":"binary-expr","locations":[{"start":{"line":75,"column":17},"end":{"line":75,"column":41}},{"start":{"line":75,"column":41},"end":{"line":75,"column":null}}]},"3":{"loc":{"start":{"line":76,"column":22},"end":{"line":76,"column":null}},"type":"binary-expr","locations":[{"start":{"line":76,"column":22},"end":{"line":76,"column":46}},{"start":{"line":76,"column":46},"end":{"line":76,"column":null}}]},"4":{"loc":{"start":{"line":90,"column":9},"end":{"line":123,"column":null}},"type":"binary-expr","locations":[{"start":{"line":90,"column":9},"end":{"line":90,"column":null}},{"start":{"line":91,"column":10},"end":{"line":123,"column":null}}]},"5":{"loc":{"start":{"line":111,"column":21},"end":{"line":111,"column":null}},"type":"binary-expr","locations":[{"start":{"line":111,"column":21},"end":{"line":111,"column":43}},{"start":{"line":111,"column":43},"end":{"line":111,"column":null}}]},"6":{"loc":{"start":{"line":112,"column":26},"end":{"line":112,"column":null}},"type":"binary-expr","locations":[{"start":{"line":112,"column":26},"end":{"line":112,"column":48}},{"start":{"line":112,"column":48},"end":{"line":112,"column":null}}]},"7":{"loc":{"start":{"line":140,"column":11},"end":{"line":140,"column":null}},"type":"cond-expr","locations":[{"start":{"line":140,"column":21},"end":{"line":140,"column":36}},{"start":{"line":140,"column":36},"end":{"line":140,"column":null}}]},"8":{"loc":{"start":{"line":143,"column":9},"end":{"line":156,"column":null}},"type":"binary-expr","locations":[{"start":{"line":143,"column":9},"end":{"line":143,"column":null}},{"start":{"line":144,"column":10},"end":{"line":156,"column":null}}]}},"s":{"0":1,"1":0,"2":0,"3":0,"4":0,"5":0,"6":0,"7":0,"8":0,"9":0,"10":0,"11":0,"12":0,"13":0,"14":0},"f":{"0":0,"1":0,"2":0,"3":0,"4":0,"5":0},"b":{"0":[0,0],"1":[0,0],"2":[0,0],"3":[0,0],"4":[0,0],"5":[0,0],"6":[0,0],"7":[0,0],"8":[0,0]}}
,"D:/Sparta/sparta/front-end/src/user/components/SignIn.jsx": {"path":"D:/Sparta/sparta/front-end/src/user/components/SignIn.jsx","statementMap":{"0":{"start":{"line":10,"column":15},"end":{"line":268,"column":null}},"1":{"start":{"line":11,"column":19},"end":{"line":11,"column":null}},"2":{"start":{"line":13,"column":26},"end":{"line":13,"column":null}},"3":{"start":{"line":15,"column":27},"end":{"line":26,"column":null}},"4":{"start":{"line":28,"column":17},"end":{"line":38,"column":null}},"5":{"start":{"line":35,"column":6},"end":{"line":35,"column":null}},"6":{"start":{"line":36,"column":6},"end":{"line":36,"column":null}},"7":{"start":{"line":40,"column":2},"end":{"line":266,"column":null}},"8":{"start":{"line":227,"column":30},"end":{"line":227,"column":43}},"9":{"start":{"line":245,"column":29},"end":{"line":245,"column":null}},"10":{"start":{"line":260,"column":40},"end":{"line":260,"column":54}}},"fnMap":{"0":{"name":"(anonymous_0)","decl":{"start":{"line":10,"column":15},"end":{"line":10,"column":21}},"loc":{"start":{"line":10,"column":21},"end":{"line":268,"column":null}}},"1":{"name":"(anonymous_1)","decl":{"start":{"line":34,"column":14},"end":{"line":34,"column":15}},"loc":{"start":{"line":34,"column":26},"end":{"line":37,"column":null}}},"2":{"name":"(anonymous_2)","decl":{"start":{"line":227,"column":25},"end":{"line":227,"column":29}},"loc":{"start":{"line":227,"column":29},"end":{"line":227,"column":null}}},"3":{"name":"(anonymous_3)","decl":{"start":{"line":245,"column":23},"end":{"line":245,"column":29}},"loc":{"start":{"line":245,"column":29},"end":{"line":245,"column":null}}},"4":{"name":"(anonymous_4)","decl":{"start":{"line":260,"column":35},"end":{"line":260,"column":39}},"loc":{"start":{"line":260,"column":39},"end":{"line":260,"column":null}}}},"branchMap":{"0":{"loc":{"start":{"line":129,"column":23},"end":{"line":129,"column":null}},"type":"binary-expr","locations":[{"start":{"line":129,"column":23},"end":{"line":129,"column":47}},{"start":{"line":129,"column":47},"end":{"line":129,"column":null}}]},"1":{"loc":{"start":{"line":130,"column":28},"end":{"line":130,"column":null}},"type":"binary-expr","locations":[{"start":{"line":130,"column":28},"end":{"line":130,"column":52}},{"start":{"line":130,"column":52},"end":{"line":130,"column":null}}]},"2":{"loc":{"start":{"line":173,"column":23},"end":{"line":173,"column":null}},"type":"binary-expr","locations":[{"start":{"line":173,"column":23},"end":{"line":173,"column":50}},{"start":{"line":173,"column":50},"end":{"line":173,"column":null}}]},"3":{"loc":{"start":{"line":174,"column":28},"end":{"line":174,"column":null}},"type":"binary-expr","locations":[{"start":{"line":174,"column":28},"end":{"line":174,"column":55}},{"start":{"line":174,"column":55},"end":{"line":174,"column":null}}]}},"s":{"0":1,"1":0,"2":0,"3":0,"4":0,"5":0,"6":0,"7":0,"8":0,"9":0,"10":0},"f":{"0":0,"1":0,"2":0,"3":0,"4":0},"b":{"0":[0,0],"1":[0,0],"2":[0,0],"3":[0,0]}}
,"D:/Sparta/sparta/front-end/src/user/components/SignUp.jsx": {"path":"D:/Sparta/sparta/front-end/src/user/components/SignUp.jsx","statementMap":{"0":{"start":{"line":8,"column":15},"end":{"line":430,"column":null}},"1":{"start":{"line":9,"column":19},"end":{"line":9,"column":null}},"2":{"start":{"line":10,"column":27},"end":{"line":30,"column":null}},"3":{"start":{"line":32,"column":17},"end":{"line":46,"column":null}},"4":{"start":{"line":43,"column":6},"end":{"line":43,"column":null}},"5":{"start":{"line":44,"column":6},"end":{"line":44,"column":null}},"6":{"start":{"line":48,"column":2},"end":{"line":428,"column":null}},"7":{"start":{"line":240,"column":43},"end":{"line":240,"column":null}},"8":{"start":{"line":412,"column":31},"end":{"line":412,"column":null}}},"fnMap":{"0":{"name":"(anonymous_0)","decl":{"start":{"line":8,"column":15},"end":{"line":8,"column":21}},"loc":{"start":{"line":8,"column":21},"end":{"line":430,"column":null}}},"1":{"name":"(anonymous_1)","decl":{"start":{"line":42,"column":14},"end":{"line":42,"column":15}},"loc":{"start":{"line":42,"column":26},"end":{"line":45,"column":null}}},"2":{"name":"(anonymous_2)","decl":{"start":{"line":240,"column":31},"end":{"line":240,"column":43}},"loc":{"start":{"line":240,"column":43},"end":{"line":240,"column":null}}},"3":{"name":"(anonymous_3)","decl":{"start":{"line":412,"column":25},"end":{"line":412,"column":31}},"loc":{"start":{"line":412,"column":31},"end":{"line":412,"column":null}}}},"branchMap":{"0":{"loc":{"start":{"line":136,"column":23},"end":{"line":136,"column":null}},"type":"binary-expr","locations":[{"start":{"line":136,"column":23},"end":{"line":136,"column":51}},{"start":{"line":136,"column":51},"end":{"line":136,"column":null}}]},"1":{"loc":{"start":{"line":137,"column":28},"end":{"line":137,"column":null}},"type":"binary-expr","locations":[{"start":{"line":137,"column":28},"end":{"line":137,"column":56}},{"start":{"line":137,"column":56},"end":{"line":137,"column":null}}]},"2":{"loc":{"start":{"line":180,"column":23},"end":{"line":180,"column":null}},"type":"binary-expr","locations":[{"start":{"line":180,"column":23},"end":{"line":180,"column":50}},{"start":{"line":180,"column":50},"end":{"line":180,"column":null}}]},"3":{"loc":{"start":{"line":181,"column":28},"end":{"line":181,"column":null}},"type":"binary-expr","locations":[{"start":{"line":181,"column":28},"end":{"line":181,"column":55}},{"start":{"line":181,"column":55},"end":{"line":181,"column":null}}]},"4":{"loc":{"start":{"line":216,"column":23},"end":{"line":216,"column":null}},"type":"binary-expr","locations":[{"start":{"line":216,"column":23},"end":{"line":216,"column":56}},{"start":{"line":216,"column":56},"end":{"line":216,"column":null}}]},"5":{"loc":{"start":{"line":240,"column":43},"end":{"line":240,"column":null}},"type":"cond-expr","locations":[{"start":{"line":240,"column":54},"end":{"line":240,"column":65}},{"start":{"line":240,"column":65},"end":{"line":240,"column":null}}]},"6":{"loc":{"start":{"line":274,"column":23},"end":{"line":274,"column":null}},"type":"binary-expr","locations":[{"start":{"line":274,"column":23},"end":{"line":274,"column":47}},{"start":{"line":274,"column":47},"end":{"line":274,"column":null}}]},"7":{"loc":{"start":{"line":275,"column":28},"end":{"line":275,"column":null}},"type":"binary-expr","locations":[{"start":{"line":275,"column":28},"end":{"line":275,"column":52}},{"start":{"line":275,"column":52},"end":{"line":275,"column":null}}]},"8":{"loc":{"start":{"line":318,"column":23},"end":{"line":318,"column":null}},"type":"binary-expr","locations":[{"start":{"line":318,"column":23},"end":{"line":318,"column":50}},{"start":{"line":318,"column":50},"end":{"line":318,"column":null}}]},"9":{"loc":{"start":{"line":319,"column":28},"end":{"line":319,"column":null}},"type":"binary-expr","locations":[{"start":{"line":319,"column":28},"end":{"line":319,"column":55}},{"start":{"line":319,"column":55},"end":{"line":319,"column":null}}]},"10":{"loc":{"start":{"line":362,"column":23},"end":{"line":362,"column":null}},"type":"binary-expr","locations":[{"start":{"line":362,"column":23},"end":{"line":362,"column":57}},{"start":{"line":362,"column":57},"end":{"line":362,"column":null}}]},"11":{"loc":{"start":{"line":363,"column":28},"end":{"line":363,"column":null}},"type":"binary-expr","locations":[{"start":{"line":363,"column":28},"end":{"line":363,"column":62}},{"start":{"line":363,"column":62},"end":{"line":363,"column":null}}]}},"s":{"0":1,"1":0,"2":0,"3":0,"4":0,"5":0,"6":0,"7":0,"8":0},"f":{"0":0,"1":0,"2":0,"3":0},"b":{"0":[0,0],"1":[0,0],"2":[0,0],"3":[0,0],"4":[0,0],"5":[0,0],"6":[0,0],"7":[0,0],"8":[0,0],"9":[0,0],"10":[0,0],"11":[0,0]}}
}
