TN:
SF:src\App.jsx
FN:8,App
FNF:1
FNH:1
FNDA:1,App
DA:9,1
LF:1
LH:1
BRF:0
BRH:0
end_of_record
TN:
SF:src\main.jsx
FNF:0
FNH:0
DA:7,0
LF:1
LH:0
BRF:0
BRH:0
end_of_record
TN:
SF:src\user\Layout\Layout.jsx
FN:5,(anonymous_0)
FNF:1
FNH:1
FNDA:1,(anonymous_0)
DA:5,1
DA:6,1
LF:2
LH:2
BRF:0
BRH:0
end_of_record
TN:
SF:src\user\Layout\layoutcomponent\Sidebar.tsx
FN:25,(anonymous_0)
FN:46,(anonymous_1)
FN:55,(anonymous_2)
FNF:3
FNH:2
FNDA:1,(anonymous_0)
FNDA:8,(anonymous_1)
FNDA:0,(anonymous_2)
DA:14,1
DA:25,1
DA:26,1
DA:28,1
DA:47,8
DA:48,8
DA:55,0
LF:7
LH:6
BRDA:50,0,0,0
BRDA:50,0,1,8
BRDA:58,1,0,0
BRDA:58,1,1,8
BRF:4
BRH:2
end_of_record
TN:
SF:src\user\Layout\layoutcomponent\Topbar.jsx
FN:5,(anonymous_0)
FN:12,(anonymous_1)
FN:16,(anonymous_2)
FN:20,(anonymous_3)
FNF:4
FNH:1
FNDA:1,(anonymous_0)
FNDA:0,(anonymous_1)
FNDA:0,(anonymous_2)
FNDA:0,(anonymous_3)
DA:5,1
DA:6,1
DA:7,1
DA:10,1
DA:12,1
DA:13,0
DA:16,1
DA:17,0
DA:20,1
DA:21,0
DA:24,1
DA:25,1
DA:27,1
LF:13
LH:10
BRF:0
BRH:0
end_of_record
TN:
SF:src\user\components\LandingPage.jsx
FN:17,(anonymous_0)
FN:48,(anonymous_1)
FN:49,(anonymous_2)
FNF:3
FNH:0
FNDA:0,(anonymous_0)
FNDA:0,(anonymous_1)
FNDA:0,(anonymous_2)
DA:17,1
DA:18,0
DA:19,0
DA:48,0
DA:49,0
LF:5
LH:1
BRF:0
BRH:0
end_of_record
TN:
SF:src\user\components\ResetPassword.jsx
FN:6,(anonymous_0)
FN:20,(anonymous_1)
FN:35,(anonymous_2)
FN:39,(anonymous_3)
FN:138,(anonymous_4)
FN:153,(anonymous_5)
FNF:6
FNH:0
FNDA:0,(anonymous_0)
FNDA:0,(anonymous_1)
FNDA:0,(anonymous_2)
FNDA:0,(anonymous_3)
FNDA:0,(anonymous_4)
FNDA:0,(anonymous_5)
DA:6,1
DA:7,0
DA:9,0
DA:13,0
DA:17,0
DA:21,0
DA:22,0
DA:25,0
DA:27,0
DA:35,0
DA:36,0
DA:39,0
DA:43,0
DA:138,0
DA:153,0
LF:15
LH:1
BRDA:19,0,0,0
BRDA:19,0,1,0
BRDA:21,1,0,0
BRDA:21,1,1,0
BRDA:75,2,0,0
BRDA:75,2,1,0
BRDA:76,3,0,0
BRDA:76,3,1,0
BRDA:90,4,0,0
BRDA:90,4,1,0
BRDA:111,5,0,0
BRDA:111,5,1,0
BRDA:112,6,0,0
BRDA:112,6,1,0
BRDA:140,7,0,0
BRDA:140,7,1,0
BRDA:143,8,0,0
BRDA:143,8,1,0
BRF:18
BRH:0
end_of_record
TN:
SF:src\user\components\SignIn.jsx
FN:10,(anonymous_0)
FN:34,(anonymous_1)
FN:227,(anonymous_2)
FN:245,(anonymous_3)
FN:260,(anonymous_4)
FNF:5
FNH:0
FNDA:0,(anonymous_0)
FNDA:0,(anonymous_1)
FNDA:0,(anonymous_2)
FNDA:0,(anonymous_3)
FNDA:0,(anonymous_4)
DA:10,1
DA:11,0
DA:13,0
DA:15,0
DA:28,0
DA:35,0
DA:36,0
DA:40,0
DA:227,0
DA:245,0
DA:260,0
LF:11
LH:1
BRDA:129,0,0,0
BRDA:129,0,1,0
BRDA:130,1,0,0
BRDA:130,1,1,0
BRDA:173,2,0,0
BRDA:173,2,1,0
BRDA:174,3,0,0
BRDA:174,3,1,0
BRF:8
BRH:0
end_of_record
TN:
SF:src\user\components\SignUp.jsx
FN:8,(anonymous_0)
FN:42,(anonymous_1)
FN:240,(anonymous_2)
FN:412,(anonymous_3)
FNF:4
FNH:0
FNDA:0,(anonymous_0)
FNDA:0,(anonymous_1)
FNDA:0,(anonymous_2)
FNDA:0,(anonymous_3)
DA:8,1
DA:9,0
DA:10,0
DA:32,0
DA:43,0
DA:44,0
DA:48,0
DA:240,0
DA:412,0
LF:9
LH:1
BRDA:136,0,0,0
BRDA:136,0,1,0
BRDA:137,1,0,0
BRDA:137,1,1,0
BRDA:180,2,0,0
BRDA:180,2,1,0
BRDA:181,3,0,0
BRDA:181,3,1,0
BRDA:216,4,0,0
BRDA:216,4,1,0
BRDA:240,5,0,0
BRDA:240,5,1,0
BRDA:274,6,0,0
BRDA:274,6,1,0
BRDA:275,7,0,0
BRDA:275,7,1,0
BRDA:318,8,0,0
BRDA:318,8,1,0
BRDA:319,9,0,0
BRDA:319,9,1,0
BRDA:362,10,0,0
BRDA:362,10,1,0
BRDA:363,11,0,0
BRDA:363,11,1,0
BRF:24
BRH:0
end_of_record
